DiagnosticsPlugin.exe Information: 0 : [2015-06-16 15:41:08] Starting DiagnosticPlugin.exe DiagnosticPlugin-ShutdownEvent DiagnosticPlugin-TotalShutdownEvent -wadVer1v4
DiagnosticsPlugin.exe Error: 0 : [2015-06-16 15:41:08] Successfully saved IIS Directory state
DiagnosticsPlugin.exe Information: 0 : [2015-06-16 15:41:08] Starting DiagnosticsPlugin
DiagnosticsPlugin.exe Information: 0 : [2015-06-16 15:41:08] Emulator config file set to C:\Users\Niclas\Documents\Visual Studio 2013\Projects\Plushögskolan\Cloud\MyBlobStorage\MyBlobStorage\csx\Debug\roles\WebRole1\approot\diagnostics.wadcfgx
DiagnosticsPlugin.exe Information: 0 : [2015-06-16 15:41:08] DiagnosticsStoreRootPath set to: C:\Users\Niclas\AppData\Local\dftmp\Resources\0a6edc2a-875c-402e-be59-f2604c16f270
DiagnosticsPlugin.exe Information: 0 : [2015-06-16 15:41:08] Loading config file: C:\Users\Niclas\Documents\Visual Studio 2013\Projects\Plushögskolan\Cloud\MyBlobStorage\MyBlobStorage\csx\Debug\roles\WebRole1\approot\diagnostics.wadcfgx
DiagnosticsPlugin.exe Information: 0 : [2015-06-16 15:41:08] Checking VM Type
DiagnosticsPlugin.exe Information: 0 : [2015-06-16 15:41:08] Emulator config file set to C:\Users\Niclas\Documents\Visual Studio 2013\Projects\Plushögskolan\Cloud\MyBlobStorage\MyBlobStorage\csx\Debug\roles\WebRole1\approot\diagnostics.wadcfgx
DiagnosticsPlugin.exe Information: 0 : [2015-06-16 15:41:08] Extension set to Emulator Mode
DiagnosticsPlugin.exe Information: 0 : [2015-06-16 15:41:08] Reading XML configuration file
DiagnosticsPlugin.exe Information: 0 : [2015-06-16 15:41:08] Bypassing private config decryption
DiagnosticsPlugin.exe Information: 0 : [2015-06-16 15:41:08] WadCfg is provided in initial configuration. Using that to initialize Diagnostics.
DiagnosticsPlugin.exe Information: 0 : [2015-06-16 15:41:08] <PublicConfig xmlns="http://schemas.microsoft.com/ServiceHosting/2010/10/DiagnosticsConfiguration">
  <WadCfg>
    <DiagnosticMonitorConfiguration overallQuotaInMB="4096">
      <DiagnosticInfrastructureLogs scheduledTransferLogLevelFilter="Error" />
      <Logs scheduledTransferPeriod="PT1M" scheduledTransferLogLevelFilter="Error" />
      <Directories scheduledTransferPeriod="PT1M">
        <IISLogs containerName="wad-iis-logfiles" />
        <FailedRequestLogs containerName="wad-failedrequestlogs" />
      </Directories>
      <WindowsEventLog scheduledTransferPeriod="PT1M">
        <DataSource name="Application!*" />
      </WindowsEventLog>
      <CrashDumps containerName="wad-crashdumps" dumpType="Mini">
        <CrashDumpConfiguration processName="WaIISHost.exe" />
        <CrashDumpConfiguration processName="WaWorkerHost.exe" />
        <CrashDumpConfiguration processName="w3wp.exe" />
      </CrashDumps>
      <PerformanceCounters scheduledTransferPeriod="PT1M">
        <PerformanceCounterConfiguration counterSpecifier="\Memory\Available MBytes" sampleRate="PT3M" />
        <PerformanceCounterConfiguration counterSpecifier="\Web Service(_Total)\ISAPI Extension Requests/sec" sampleRate="PT3M" />
        <PerformanceCounterConfiguration counterSpecifier="\Web Service(_Total)\Bytes Total/Sec" sampleRate="PT3M" />
        <PerformanceCounterConfiguration counterSpecifier="\ASP.NET Applications(__Total__)\Requests/Sec" sampleRate="PT3M" />
        <PerformanceCounterConfiguration counterSpecifier="\ASP.NET Applications(__Total__)\Errors Total/Sec" sampleRate="PT3M" />
        <PerformanceCounterConfiguration counterSpecifier="\ASP.NET\Requests Queued" sampleRate="PT3M" />
        <PerformanceCounterConfiguration counterSpecifier="\ASP.NET\Requests Rejected" sampleRate="PT3M" />
        <PerformanceCounterConfiguration counterSpecifier="\Processor(_Total)\% Processor Time" sampleRate="PT3M" />
      </PerformanceCounters>
    </DiagnosticMonitorConfiguration>
  </WadCfg>
  <StorageAccount>devstoreaccount1</StorageAccount>
</PublicConfig>
DiagnosticsPlugin.exe Information: 0 : [2015-06-16 15:41:08] Private setting is loaded
DiagnosticsPlugin.exe Information: 0 : [2015-06-16 15:41:09] Successfully created checkpoint file C:\Users\Niclas\AppData\Local\dftmp\Resources\0a6edc2a-875c-402e-be59-f2604c16f270\WAD0104\Configuration\Checkpoint.txt
DiagnosticsPlugin.exe Information: 0 : [2015-06-16 15:41:09] Will use local resource directory C:\Users\Niclas\AppData\Local\dftmp\Resources\0a6edc2a-875c-402e-be59-f2604c16f270\WAD0104
DiagnosticsPlugin.exe Information: 0 : [2015-06-16 15:41:09] Will use endpoint https://core.windows.net for storage.
DiagnosticsPlugin.exe Information: 0 : [2015-06-16 15:41:09] Expanding path %SystemDrive%\inetpub\logs\LogFiles to C:\inetpub\logs\LogFiles
DiagnosticsPlugin.exe Information: 0 : [2015-06-16 15:41:09] Expanding path %SystemDrive%\inetpub\logs\FailedReqLogFiles to C:\inetpub\logs\FailedReqLogFiles
DiagnosticsPlugin.exe Information: 0 : [2015-06-16 15:41:09] Created IIS log watch item: "C:\inetpub\logs\LogFiles"
DiagnosticsPlugin.exe Information: 0 : [2015-06-16 15:41:09] Created IIS failed requests watch item: "C:\inetpub\logs\FailedReqLogFiles"
DiagnosticsPlugin.exe Information: 0 : [2015-06-16 15:41:09] Running in emulator mode, crash dumps not enabled
DiagnosticsPlugin.exe Information: 0 : [2015-06-16 15:41:10] In emulator mode and using devstore updating XStoreAccount info, command line args: -LocalPath "C:\Users\Niclas\AppData\Local\dftmp\Resources\0a6edc2a-875c-402e-be59-f2604c16f270\WAD0104"  -ConfigFile "C:\Users\Niclas\AppData\Local\dftmp\Resources\0a6edc2a-875c-402e-be59-f2604c16f270\WAD0104\Configuration\MaConfig.xml" -ShutDownEvent WADDM-ShutDown-93bc392beea640e7b3de4967238a858a  -TotalShutDownEvent WADDM-TotalShutDown-93bc392beea640e7b3de4967238a858a -InitializedEvent WADM-StartUp-93bc392beea640e7b3de4967238a858a -parent 7380 -events -wadVer1v4 -UseProxyServer -XStoreAccounts WadAccount#true#devstoreaccount1#Eby8vdM02xNOcqFlqUwJPLlmEtlCDXJ1OUzFT50uSRZ6IFsuFq2UVErCz4I6tq/K1SZFPTOtr/KBHBeksoGMGw==#http://127.0.0.1:10002#http://127.0.0.1:10001#http://127.0.0.1:10000
DiagnosticsPlugin.exe Information: 0 : [2015-06-16 15:42:10] MonAgentHost.exe started
DiagnosticsPlugin.exe Information: 0 : [2015-06-16 15:42:10] DiagnoticsPlugin started.
DiagnosticsPlugin.exe Information: 0 : [2015-06-16 15:42:10] DiagnoticsPlugin now waiting on events "DiagnosticPlugin-ShutdownEvent", "DiagnosticPlugin-TotalShutdownEvent" or "DiagnosticPlugin-RestartEvent".
